<?xml version="1.0" encoding="UTF-8"?>
<testng-results ignored="0" total="1" passed="1" failed="0" skipped="0">
  <reporter-output>
  </reporter-output>
  <suite started-at="2022-03-30T06:08:48Z" name="Default suite" finished-at="2022-03-30T06:10:36Z" duration-ms="108088">
    <groups>
    </groups>
    <test started-at="2022-03-30T06:08:48Z" name="Default test" finished-at="2022-03-30T06:10:36Z" duration-ms="108088">
      <class name="automation_proj.module.tc.TC_Signup">
        <test-method is-config="true" signature="openBrowser()[pri:0, instance:automation_proj.module.tc.TC_Signup@1b266842]" started-at="2022-03-30T06:08:48Z" name="openBrowser" finished-at="2022-03-30T06:09:51Z" duration-ms="62702" status="PASS">
          <reporter-output>
          </reporter-output>
        </test-method> <!-- openBrowser -->
        <test-method signature="signUp()[pri:0, instance:automation_proj.module.tc.TC_Signup@1b266842]" started-at="2022-03-30T06:09:51Z" name="signUp" finished-at="2022-03-30T06:10:29Z" duration-ms="37876" status="PASS">
          <reporter-output>
          </reporter-output>
        </test-method> <!-- signUp -->
        <test-method is-config="true" signature="closeBrowser()[pri:0, instance:automation_proj.module.tc.TC_Signup@1b266842]" started-at="2022-03-30T06:10:29Z" name="closeBrowser" finished-at="2022-03-30T06:10:36Z" duration-ms="7452" status="PASS">
          <reporter-output>
          </reporter-output>
        </test-method> <!-- closeBrowser -->
      </class> <!-- automation_proj.module.tc.TC_Signup -->
    </test> <!-- Default test -->
  </suite> <!-- Default suite -->
</testng-results>
